Flutter crash report.
Please report a bug at https://github.com/flutter/flutter/issues.

## command

flutter run

## exception

DartDevelopmentServiceException: DartDevelopmentServiceException: Failed to start Dart Development Service

```
```

## flutter doctor

```
[32m[✓][39m Flutter (Channel stable, 3.35.6, on Microsoft Windows [Version 10.0.19045.6456], locale
    en-US) [10.5s]
    [32m•[39m Flutter version 3.35.6 on channel stable at C:\flutter
    [32m•[39m Upstream repository https://github.com/flutter/flutter.git
    [32m•[39m Framework revision 9f455d2486 (8 weeks ago), 2025-10-08 14:55:31 -0500
    [32m•[39m Engine revision d2913632a4
    [32m•[39m Dart version 3.9.2
    [32m•[39m DevTools version 2.48.0
    [32m•[39m Feature flags: enable-web, enable-linux-desktop, enable-macos-desktop,
      enable-windows-desktop, enable-android, enable-ios, cli-animations, enable-lldb-debugging

[32m[✓][39m Windows Version (10 Pro 64-bit, 22H2, 2009) [34.4s]

[33m[!][39m Android toolchain - develop for Android devices (Android SDK version 36.1.0) [13.9s]
    [32m•[39m Android SDK at C:\Users\hp\AppData\Local\Android\sdk
    [32m•[39m Emulator version 36.2.12.0 (build_id 14214601) (CL:N/A)
    [31m✗[39m cmdline-tools component is missing.
      Try installing or updating Android Studio.
      Alternatively, download the tools from
      https://developer.android.com/studio#command-line-tools-only and make sure to set the
      ANDROID_HOME environment variable.
      See https://developer.android.com/studio/command-line for more details.
    [31m✗[39m Android license status unknown.
      Run `flutter doctor --android-licenses` to accept the SDK licenses.
      See https://flutter.dev/to/windows-android-setup for more details.

[32m[✓][39m Chrome - develop for the web [8.4s]
    [32m•[39m Chrome at C:\Program Files\Google\Chrome\Application\chrome.exe

[33m[!][39m Visual Studio - develop Windows apps (Visual Studio Build Tools 2019 16.11.52) [8.4s]
    [32m•[39m Visual Studio at C:\Program Files (x86)\Microsoft Visual Studio\2019\BuildTools
    [32m•[39m Visual Studio Build Tools 2019 version 16.11.36602.28
    [31m✗[39m The current Visual Studio installation is incomplete.
      Please use Visual Studio Installer to complete the installation or reinstall Visual Studio.

[32m[✓][39m Android Studio (version 2025.1.4) [24ms]
    [32m•[39m Android Studio at C:\Program Files\Android\Android Studio
    [32m•[39m Flutter plugin can be installed from:
      🔨 https://plugins.jetbrains.com/plugin/9212-flutter
    [32m•[39m Dart plugin can be installed from:
      🔨 https://plugins.jetbrains.com/plugin/6351-dart
    [32m•[39m Java version OpenJDK Runtime Environment (build 21.0.8+-14018985-b1038.68)

[32m[✓][39m VS Code (version 1.106.3) [19ms]
    [32m•[39m VS Code at C:\Users\hp\AppData\Local\Programs\Microsoft VS Code
    [32m•[39m Flutter extension version 3.124.0

[32m[✓][39m Connected device (3 available) [4.6s]
    [32m•[39m Windows (desktop) • windows • windows-x64    • Microsoft Windows [Version 10.0.19045.6456]
    [32m•[39m Chrome (web)      • chrome  • web-javascript • Google Chrome 142.0.7444.177
    [32m•[39m Edge (web)        • edge    • web-javascript • Microsoft Edge 133.0.3065.92

[32m[✓][39m Network resources [2.9s]
    [32m•[39m All expected network resources are available.

[33m![39m Doctor found issues in 2 categories.
```
